{"C:\\DB_CRUD_TypeORM\\src\\application\\usecases\\deleteUsersUseCase.ts": {"path":"C:\\DB_CRUD_TypeORM\\src\\application\\usecases\\deleteUsersUseCase.ts","statementMap":{"0":{"start":{"line":4,"column":20},"end":{"line":34,"column":1}},"1":{"start":{"line":11,"column":23},"end":{"line":11,"column":39}},"2":{"start":{"line":13,"column":2},"end":{"line":15,"column":3}},"3":{"start":{"line":14,"column":4},"end":{"line":14,"column":52}},"4":{"start":{"line":17,"column":21},"end":{"line":17,"column":70}},"5":{"start":{"line":18,"column":2},"end":{"line":20,"column":3}},"6":{"start":{"line":19,"column":4},"end":{"line":19,"column":62}},"7":{"start":{"line":22,"column":2},"end":{"line":24,"column":3}},"8":{"start":{"line":23,"column":4},"end":{"line":23,"column":75}},"9":{"start":{"line":26,"column":2},"end":{"line":28,"column":3}},"10":{"start":{"line":27,"column":4},"end":{"line":27,"column":80}},"11":{"start":{"line":30,"column":26},"end":{"line":30,"column":72}},"12":{"start":{"line":31,"column":2},"end":{"line":33,"column":3}},"13":{"start":{"line":32,"column":4},"end":{"line":32,"column":70}},"14":{"start":{"line":36,"column":9},"end":{"line":36,"column":20}}},"fnMap":{"0":{"name":"(anonymous_0)","decl":{"start":{"line":4,"column":20},"end":{"line":4,"column":25}},"loc":{"start":{"line":10,"column":19},"end":{"line":34,"column":1}}}},"branchMap":{"0":{"loc":{"start":{"line":13,"column":2},"end":{"line":15,"column":3}},"type":"if","locations":[{"start":{"line":13,"column":2},"end":{"line":15,"column":3}}]},"1":{"loc":{"start":{"line":18,"column":2},"end":{"line":20,"column":3}},"type":"if","locations":[{"start":{"line":18,"column":2},"end":{"line":20,"column":3}}]},"2":{"loc":{"start":{"line":22,"column":2},"end":{"line":24,"column":3}},"type":"if","locations":[{"start":{"line":22,"column":2},"end":{"line":24,"column":3}}]},"3":{"loc":{"start":{"line":22,"column":6},"end":{"line":22,"column":63}},"type":"binary-expr","locations":[{"start":{"line":22,"column":6},"end":{"line":22,"column":31}},{"start":{"line":22,"column":35},"end":{"line":22,"column":63}}]},"4":{"loc":{"start":{"line":26,"column":2},"end":{"line":28,"column":3}},"type":"if","locations":[{"start":{"line":26,"column":2},"end":{"line":28,"column":3}}]},"5":{"loc":{"start":{"line":26,"column":6},"end":{"line":26,"column":63}},"type":"binary-expr","locations":[{"start":{"line":26,"column":6},"end":{"line":26,"column":31}},{"start":{"line":26,"column":35},"end":{"line":26,"column":63}}]},"6":{"loc":{"start":{"line":31,"column":2},"end":{"line":33,"column":3}},"type":"if","locations":[{"start":{"line":31,"column":2},"end":{"line":33,"column":3}}]}},"s":{"0":1,"1":0,"2":0,"3":0,"4":0,"5":0,"6":0,"7":0,"8":0,"9":0,"10":0,"11":0,"12":0,"13":0,"14":1},"f":{"0":0},"b":{"0":[0],"1":[0],"2":[0],"3":[0,0],"4":[0],"5":[0,0],"6":[0]}}
,"C:\\DB_CRUD_TypeORM\\src\\application\\usecases\\getUserUseCase.ts": {"path":"C:\\DB_CRUD_TypeORM\\src\\application\\usecases\\getUserUseCase.ts","statementMap":{"0":{"start":{"line":5,"column":17},"end":{"line":17,"column":1}},"1":{"start":{"line":12,"column":2},"end":{"line":16,"column":3}},"2":{"start":{"line":13,"column":4},"end":{"line":13,"column":45}},"3":{"start":{"line":15,"column":4},"end":{"line":15,"column":51}},"4":{"start":{"line":19,"column":9},"end":{"line":19,"column":17}}},"fnMap":{"0":{"name":"(anonymous_0)","decl":{"start":{"line":5,"column":17},"end":{"line":5,"column":22}},"loc":{"start":{"line":11,"column":35},"end":{"line":17,"column":1}}}},"branchMap":{"0":{"loc":{"start":{"line":12,"column":2},"end":{"line":16,"column":3}},"type":"if","locations":[{"start":{"line":12,"column":2},"end":{"line":16,"column":3}},{"start":{"line":14,"column":9},"end":{"line":16,"column":3}}]},"1":{"loc":{"start":{"line":12,"column":6},"end":{"line":12,"column":45}},"type":"binary-expr","locations":[{"start":{"line":12,"column":6},"end":{"line":12,"column":24}},{"start":{"line":12,"column":28},"end":{"line":12,"column":45}}]}},"s":{"0":1,"1":0,"2":0,"3":0,"4":1},"f":{"0":0},"b":{"0":[0,0],"1":[0,0]}}
,"C:\\DB_CRUD_TypeORM\\src\\application\\usecases\\loginUseCase.ts": {"path":"C:\\DB_CRUD_TypeORM\\src\\application\\usecases\\loginUseCase.ts","statementMap":{"0":{"start":{"line":1,"column":0},"end":{"line":1,"column":28}},"1":{"start":{"line":3,"column":0},"end":{"line":3,"column":72}},"2":{"start":{"line":8,"column":28},"end":{"line":31,"column":1}},"3":{"start":{"line":14,"column":29},"end":{"line":14,"column":67}},"4":{"start":{"line":15,"column":2},"end":{"line":17,"column":3}},"5":{"start":{"line":16,"column":4},"end":{"line":16,"column":39}},"6":{"start":{"line":19,"column":26},"end":{"line":19,"column":71}},"7":{"start":{"line":21,"column":2},"end":{"line":23,"column":3}},"8":{"start":{"line":22,"column":4},"end":{"line":22,"column":49}},"9":{"start":{"line":25,"column":16},"end":{"line":25,"column":78}},"10":{"start":{"line":27,"column":2},"end":{"line":30,"column":4}},"11":{"start":{"line":8,"column":13},"end":{"line":8,"column":28}}},"fnMap":{"0":{"name":"(anonymous_1)","decl":{"start":{"line":8,"column":28},"end":{"line":8,"column":33}},"loc":{"start":{"line":13,"column":4},"end":{"line":31,"column":1}}}},"branchMap":{"0":{"loc":{"start":{"line":15,"column":2},"end":{"line":17,"column":3}},"type":"if","locations":[{"start":{"line":15,"column":2},"end":{"line":17,"column":3}}]},"1":{"loc":{"start":{"line":21,"column":2},"end":{"line":23,"column":3}},"type":"if","locations":[{"start":{"line":21,"column":2},"end":{"line":23,"column":3}}]}},"s":{"0":1,"1":1,"2":1,"3":0,"4":0,"5":0,"6":0,"7":0,"8":0,"9":0,"10":0,"11":1},"f":{"0":0},"b":{"0":[0],"1":[0]}}
,"C:\\DB_CRUD_TypeORM\\src\\application\\usecases\\updateUserUseCase.ts": {"path":"C:\\DB_CRUD_TypeORM\\src\\application\\usecases\\updateUserUseCase.ts","statementMap":{"0":{"start":{"line":5,"column":19},"end":{"line":29,"column":1}},"1":{"start":{"line":11,"column":22},"end":{"line":11,"column":32}},"2":{"start":{"line":12,"column":23},"end":{"line":12,"column":38}},"3":{"start":{"line":14,"column":23},"end":{"line":14,"column":72}},"4":{"start":{"line":15,"column":2},"end":{"line":28,"column":3}},"5":{"start":{"line":16,"column":4},"end":{"line":16,"column":53}},"6":{"start":{"line":18,"column":4},"end":{"line":22,"column":5}},"7":{"start":{"line":19,"column":6},"end":{"line":21,"column":8}},"8":{"start":{"line":24,"column":19},"end":{"line":24,"column":57}},"9":{"start":{"line":25,"column":4},"end":{"line":27,"column":5}},"10":{"start":{"line":26,"column":6},"end":{"line":26,"column":71}},"11":{"start":{"line":31,"column":9},"end":{"line":31,"column":19}}},"fnMap":{"0":{"name":"(anonymous_0)","decl":{"start":{"line":5,"column":19},"end":{"line":5,"column":24}},"loc":{"start":{"line":10,"column":4},"end":{"line":29,"column":1}}}},"branchMap":{"0":{"loc":{"start":{"line":15,"column":2},"end":{"line":28,"column":3}},"type":"if","locations":[{"start":{"line":15,"column":2},"end":{"line":28,"column":3}},{"start":{"line":17,"column":9},"end":{"line":28,"column":3}}]},"1":{"loc":{"start":{"line":18,"column":4},"end":{"line":22,"column":5}},"type":"if","locations":[{"start":{"line":18,"column":4},"end":{"line":22,"column":5}}]},"2":{"loc":{"start":{"line":25,"column":4},"end":{"line":27,"column":5}},"type":"if","locations":[{"start":{"line":25,"column":4},"end":{"line":27,"column":5}}]}},"s":{"0":1,"1":0,"2":0,"3":0,"4":0,"5":0,"6":0,"7":0,"8":0,"9":0,"10":0,"11":1},"f":{"0":0},"b":{"0":[0,0],"1":[0],"2":[0]}}
,"C:\\DB_CRUD_TypeORM\\src\\application\\usecases\\userRegisterUseCase.ts": {"path":"C:\\DB_CRUD_TypeORM\\src\\application\\usecases\\userRegisterUseCase.ts","statementMap":{"0":{"start":{"line":2,"column":0},"end":{"line":2,"column":28}},"1":{"start":{"line":7,"column":35},"end":{"line":36,"column":1}},"2":{"start":{"line":16,"column":32},"end":{"line":16,"column":77}},"3":{"start":{"line":17,"column":2},"end":{"line":35,"column":3}},"4":{"start":{"line":18,"column":4},"end":{"line":18,"column":59}},"5":{"start":{"line":20,"column":27},"end":{"line":20,"column":58}},"6":{"start":{"line":22,"column":26},"end":{"line":28,"column":6}},"7":{"start":{"line":29,"column":26},"end":{"line":29,"column":67}},"8":{"start":{"line":30,"column":4},"end":{"line":34,"column":5}},"9":{"start":{"line":31,"column":6},"end":{"line":31,"column":59}},"10":{"start":{"line":33,"column":6},"end":{"line":33,"column":21}},"11":{"start":{"line":7,"column":13},"end":{"line":7,"column":35}}},"fnMap":{"0":{"name":"(anonymous_1)","decl":{"start":{"line":7,"column":35},"end":{"line":7,"column":40}},"loc":{"start":{"line":15,"column":4},"end":{"line":36,"column":1}}}},"branchMap":{"0":{"loc":{"start":{"line":17,"column":2},"end":{"line":35,"column":3}},"type":"if","locations":[{"start":{"line":17,"column":2},"end":{"line":35,"column":3}},{"start":{"line":19,"column":9},"end":{"line":35,"column":3}}]},"1":{"loc":{"start":{"line":30,"column":4},"end":{"line":34,"column":5}},"type":"if","locations":[{"start":{"line":30,"column":4},"end":{"line":34,"column":5}},{"start":{"line":32,"column":11},"end":{"line":34,"column":5}}]}},"s":{"0":1,"1":1,"2":0,"3":0,"4":0,"5":0,"6":0,"7":0,"8":0,"9":0,"10":0,"11":1},"f":{"0":0},"b":{"0":[0,0],"1":[0,0]}}
,"C:\\DB_CRUD_TypeORM\\src\\domain\\entities\\schema\\joiLoginSchema.ts": {"path":"C:\\DB_CRUD_TypeORM\\src\\domain\\entities\\schema\\joiLoginSchema.ts","statementMap":{"0":{"start":{"line":1,"column":0},"end":{"line":1,"column":22}},"1":{"start":{"line":3,"column":23},"end":{"line":6,"column":2}},"2":{"start":{"line":8,"column":0},"end":{"line":8,"column":30}}},"fnMap":{},"branchMap":{},"s":{"0":1,"1":1,"2":1},"f":{},"b":{}}
,"C:\\DB_CRUD_TypeORM\\src\\domain\\entities\\schema\\joiParamsSchema.ts": {"path":"C:\\DB_CRUD_TypeORM\\src\\domain\\entities\\schema\\joiParamsSchema.ts","statementMap":{"0":{"start":{"line":1,"column":0},"end":{"line":1,"column":22}},"1":{"start":{"line":3,"column":24},"end":{"line":13,"column":2}},"2":{"start":{"line":15,"column":0},"end":{"line":15,"column":31}}},"fnMap":{},"branchMap":{},"s":{"0":1,"1":1,"2":1},"f":{},"b":{}}
,"C:\\DB_CRUD_TypeORM\\src\\domain\\entities\\schema\\joiRegisterSchema.ts": {"path":"C:\\DB_CRUD_TypeORM\\src\\domain\\entities\\schema\\joiRegisterSchema.ts","statementMap":{"0":{"start":{"line":1,"column":0},"end":{"line":1,"column":22}},"1":{"start":{"line":3,"column":26},"end":{"line":39,"column":2}},"2":{"start":{"line":41,"column":0},"end":{"line":41,"column":33}}},"fnMap":{},"branchMap":{},"s":{"0":1,"1":1,"2":1},"f":{},"b":{}}
,"C:\\DB_CRUD_TypeORM\\src\\domain\\entities\\schema\\joiUpdateSchema.ts": {"path":"C:\\DB_CRUD_TypeORM\\src\\domain\\entities\\schema\\joiUpdateSchema.ts","statementMap":{"0":{"start":{"line":1,"column":0},"end":{"line":1,"column":22}},"1":{"start":{"line":3,"column":24},"end":{"line":27,"column":9}},"2":{"start":{"line":29,"column":0},"end":{"line":29,"column":31}}},"fnMap":{},"branchMap":{},"s":{"0":1,"1":1,"2":1},"f":{},"b":{}}
,"C:\\DB_CRUD_TypeORM\\src\\domain\\entities\\schema\\jwtSchema.ts": {"path":"C:\\DB_CRUD_TypeORM\\src\\domain\\entities\\schema\\jwtSchema.ts","statementMap":{"0":{"start":{"line":1,"column":0},"end":{"line":1,"column":31}},"1":{"start":{"line":2,"column":0},"end":{"line":2,"column":28}},"2":{"start":{"line":4,"column":0},"end":{"line":4,"column":16}},"3":{"start":{"line":6,"column":27},"end":{"line":16,"column":1}},"4":{"start":{"line":7,"column":18},"end":{"line":10,"column":4}},"5":{"start":{"line":12,"column":28},"end":{"line":12,"column":61}},"6":{"start":{"line":13,"column":35},"end":{"line":13,"column":54}},"7":{"start":{"line":15,"column":2},"end":{"line":15,"column":47}},"8":{"start":{"line":6,"column":13},"end":{"line":6,"column":27}}},"fnMap":{"0":{"name":"(anonymous_1)","decl":{"start":{"line":6,"column":27},"end":{"line":6,"column":28}},"loc":{"start":{"line":6,"column":70},"end":{"line":16,"column":1}}}},"branchMap":{"0":{"loc":{"start":{"line":12,"column":28},"end":{"line":12,"column":61}},"type":"binary-expr","locations":[{"start":{"line":12,"column":28},"end":{"line":12,"column":50}},{"start":{"line":12,"column":54},"end":{"line":12,"column":61}}]}},"s":{"0":1,"1":1,"2":1,"3":1,"4":0,"5":0,"6":0,"7":0,"8":1},"f":{"0":0},"b":{"0":[0,0]}}
,"C:\\DB_CRUD_TypeORM\\src\\infractructure\\helper\\transaction.ts": {"path":"C:\\DB_CRUD_TypeORM\\src\\infractructure\\helper\\transaction.ts","statementMap":{"0":{"start":{"line":2,"column":0},"end":{"line":2,"column":57}},"1":{"start":{"line":4,"column":31},"end":{"line":10,"column":1}},"2":{"start":{"line":7,"column":2},"end":{"line":9,"column":5}},"3":{"start":{"line":8,"column":4},"end":{"line":8,"column":43}},"4":{"start":{"line":4,"column":13},"end":{"line":4,"column":31}}},"fnMap":{"0":{"name":"(anonymous_1)","decl":{"start":{"line":4,"column":31},"end":{"line":4,"column":36}},"loc":{"start":{"line":6,"column":16},"end":{"line":10,"column":1}}},"1":{"name":"(anonymous_2)","decl":{"start":{"line":7,"column":41},"end":{"line":7,"column":46}},"loc":{"start":{"line":7,"column":78},"end":{"line":9,"column":3}}}},"branchMap":{},"s":{"0":1,"1":1,"2":0,"3":0,"4":1},"f":{"0":0,"1":0},"b":{}}
,"C:\\DB_CRUD_TypeORM\\src\\infractructure\\helper\\middleware\\joiValidation.ts": {"path":"C:\\DB_CRUD_TypeORM\\src\\infractructure\\helper\\middleware\\joiValidation.ts","statementMap":{"0":{"start":{"line":5,"column":2},"end":{"line":15,"column":3}},"1":{"start":{"line":6,"column":2},"end":{"line":15,"column":3}},"2":{"start":{"line":7,"column":22},"end":{"line":7,"column":69}},"3":{"start":{"line":8,"column":4},"end":{"line":13,"column":5}},"4":{"start":{"line":9,"column":6},"end":{"line":12,"column":9}},"5":{"start":{"line":14,"column":4},"end":{"line":14,"column":11}},"6":{"start":{"line":4,"column":13},"end":{"line":4,"column":null}}},"fnMap":{"0":{"name":"(anonymous_0)","decl":{"start":{"line":5,"column":2},"end":{"line":5,"column":3}},"loc":{"start":{"line":6,"column":2},"end":{"line":15,"column":3}}},"1":{"name":"(anonymous_1)","decl":{"start":{"line":6,"column":2},"end":{"line":6,"column":3}},"loc":{"start":{"line":6,"column":60},"end":{"line":15,"column":3}}}},"branchMap":{"0":{"loc":{"start":{"line":8,"column":4},"end":{"line":13,"column":5}},"type":"if","locations":[{"start":{"line":8,"column":4},"end":{"line":13,"column":5}}]}},"s":{"0":1,"1":4,"2":0,"3":0,"4":0,"5":0,"6":1},"f":{"0":4,"1":0},"b":{"0":[0]}}
,"C:\\DB_CRUD_TypeORM\\src\\infractructure\\helper\\middleware\\jwtMiddleware.ts": {"path":"C:\\DB_CRUD_TypeORM\\src\\infractructure\\helper\\middleware\\jwtMiddleware.ts","statementMap":{"0":{"start":{"line":2,"column":0},"end":{"line":2,"column":31}},"1":{"start":{"line":3,"column":0},"end":{"line":3,"column":28}},"2":{"start":{"line":5,"column":0},"end":{"line":5,"column":16}},"3":{"start":{"line":7,"column":19},"end":{"line":7,"column":53}},"4":{"start":{"line":18,"column":22},"end":{"line":39,"column":1}},"5":{"start":{"line":23,"column":16},"end":{"line":23,"column":67}},"6":{"start":{"line":24,"column":2},"end":{"line":38,"column":3}},"7":{"start":{"line":25,"column":4},"end":{"line":27,"column":73}},"8":{"start":{"line":29,"column":4},"end":{"line":37,"column":5}},"9":{"start":{"line":30,"column":22},"end":{"line":30,"column":66}},"10":{"start":{"line":31,"column":6},"end":{"line":31,"column":65}},"11":{"start":{"line":32,"column":6},"end":{"line":32,"column":13}},"12":{"start":{"line":34,"column":6},"end":{"line":36,"column":68}},"13":{"start":{"line":41,"column":9},"end":{"line":41,"column":22}}},"fnMap":{"0":{"name":"(anonymous_1)","decl":{"start":{"line":18,"column":22},"end":{"line":18,"column":null}},"loc":{"start":{"line":22,"column":4},"end":{"line":39,"column":1}}}},"branchMap":{"0":{"loc":{"start":{"line":7,"column":19},"end":{"line":7,"column":53}},"type":"binary-expr","locations":[{"start":{"line":7,"column":19},"end":{"line":7,"column":41}},{"start":{"line":7,"column":45},"end":{"line":7,"column":53}}]},"1":{"loc":{"start":{"line":24,"column":2},"end":{"line":38,"column":3}},"type":"if","locations":[{"start":{"line":24,"column":2},"end":{"line":38,"column":3}},{"start":{"line":28,"column":9},"end":{"line":38,"column":3}}]}},"s":{"0":1,"1":1,"2":1,"3":1,"4":1,"5":0,"6":0,"7":0,"8":0,"9":0,"10":0,"11":0,"12":0,"13":1},"f":{"0":0},"b":{"0":[1,0],"1":[0,0]}}
,"C:\\DB_CRUD_TypeORM\\src\\infractructure\\repository\\userRepository\\userRepository.ts": {"path":"C:\\DB_CRUD_TypeORM\\src\\infractructure\\repository\\userRepository\\userRepository.ts","statementMap":{"0":{"start":{"line":8,"column":0},"end":{"line":8,"column":61}},"1":{"start":{"line":11,"column":0},"end":{"line":11,"column":62}},"2":{"start":{"line":13,"column":13},"end":{"line":173,"column":2}},"3":{"start":{"line":19,"column":19},"end":{"line":30,"column":16}},"4":{"start":{"line":31,"column":4},"end":{"line":31,"column":41}},"5":{"start":{"line":39,"column":21},"end":{"line":39,"column":55}},"6":{"start":{"line":41,"column":33},"end":{"line":44,"column":15}},"7":{"start":{"line":46,"column":4},"end":{"line":48,"column":5}},"8":{"start":{"line":47,"column":6},"end":{"line":47,"column":18}},"9":{"start":{"line":50,"column":4},"end":{"line":54,"column":6}},"10":{"start":{"line":62,"column":21},"end":{"line":62,"column":55}},"11":{"start":{"line":64,"column":19},"end":{"line":67,"column":18}},"12":{"start":{"line":69,"column":4},"end":{"line":69,"column":18}},"13":{"start":{"line":75,"column":21},"end":{"line":75,"column":55}},"14":{"start":{"line":77,"column":19},"end":{"line":80,"column":18}},"15":{"start":{"line":82,"column":4},"end":{"line":82,"column":18}},"16":{"start":{"line":89,"column":21},"end":{"line":89,"column":55}},"17":{"start":{"line":91,"column":30},"end":{"line":93,"column":16}},"18":{"start":{"line":95,"column":4},"end":{"line":97,"column":5}},"19":{"start":{"line":96,"column":6},"end":{"line":96,"column":18}},"20":{"start":{"line":99,"column":4},"end":{"line":106,"column":8}},"21":{"start":{"line":99,"column":33},"end":{"line":106,"column":6}},"22":{"start":{"line":114,"column":21},"end":{"line":114,"column":55}},"23":{"start":{"line":116,"column":35},"end":{"line":119,"column":15}},"24":{"start":{"line":121,"column":4},"end":{"line":123,"column":5}},"25":{"start":{"line":122,"column":6},"end":{"line":122,"column":18}},"26":{"start":{"line":125,"column":4},"end":{"line":132,"column":6}},"27":{"start":{"line":139,"column":21},"end":{"line":139,"column":55}},"28":{"start":{"line":141,"column":39},"end":{"line":146,"column":16}},"29":{"start":{"line":148,"column":4},"end":{"line":148,"column":44}},"30":{"start":{"line":155,"column":38},"end":{"line":155,"column":42}},"31":{"start":{"line":157,"column":4},"end":{"line":159,"column":5}},"32":{"start":{"line":158,"column":6},"end":{"line":158,"column":58}},"33":{"start":{"line":161,"column":21},"end":{"line":161,"column":55}},"34":{"start":{"line":163,"column":25},"end":{"line":168,"column":16}},"35":{"start":{"line":170,"column":4},"end":{"line":170,"column":76}}},"fnMap":{"0":{"name":"(anonymous_0)","decl":{"start":{"line":15,"column":18},"end":{"line":15,"column":23}},"loc":{"start":{"line":18,"column":24},"end":{"line":32,"column":3}}},"1":{"name":"(anonymous_1)","decl":{"start":{"line":35,"column":17},"end":{"line":35,"column":22}},"loc":{"start":{"line":38,"column":29},"end":{"line":55,"column":3}}},"2":{"name":"(anonymous_2)","decl":{"start":{"line":58,"column":24},"end":{"line":58,"column":29}},"loc":{"start":{"line":61,"column":24},"end":{"line":70,"column":3}}},"3":{"name":"(anonymous_3)","decl":{"start":{"line":71,"column":21},"end":{"line":71,"column":26}},"loc":{"start":{"line":74,"column":24},"end":{"line":83,"column":3}}},"4":{"name":"(anonymous_4)","decl":{"start":{"line":86,"column":19},"end":{"line":86,"column":24}},"loc":{"start":{"line":88,"column":33},"end":{"line":107,"column":3}}},"5":{"name":"(anonymous_5)","decl":{"start":{"line":99,"column":22},"end":{"line":99,"column":23}},"loc":{"start":{"line":99,"column":33},"end":{"line":106,"column":6}}},"6":{"name":"(anonymous_6)","decl":{"start":{"line":110,"column":21},"end":{"line":110,"column":26}},"loc":{"start":{"line":113,"column":31},"end":{"line":133,"column":3}}},"7":{"name":"(anonymous_7)","decl":{"start":{"line":135,"column":18},"end":{"line":135,"column":23}},"loc":{"start":{"line":138,"column":31},"end":{"line":149,"column":3}}},"8":{"name":"(anonymous_8)","decl":{"start":{"line":151,"column":18},"end":{"line":151,"column":23}},"loc":{"start":{"line":154,"column":24},"end":{"line":171,"column":3}}}},"branchMap":{"0":{"loc":{"start":{"line":46,"column":4},"end":{"line":48,"column":5}},"type":"if","locations":[{"start":{"line":46,"column":4},"end":{"line":48,"column":5}}]},"1":{"loc":{"start":{"line":95,"column":4},"end":{"line":97,"column":5}},"type":"if","locations":[{"start":{"line":95,"column":4},"end":{"line":97,"column":5}}]},"2":{"loc":{"start":{"line":121,"column":4},"end":{"line":123,"column":5}},"type":"if","locations":[{"start":{"line":121,"column":4},"end":{"line":123,"column":5}}]},"3":{"loc":{"start":{"line":148,"column":12},"end":{"line":148,"column":38}},"type":"binary-expr","locations":[{"start":{"line":148,"column":12},"end":{"line":148,"column":33}},{"start":{"line":148,"column":37},"end":{"line":148,"column":38}}]},"4":{"loc":{"start":{"line":157,"column":4},"end":{"line":159,"column":5}},"type":"if","locations":[{"start":{"line":157,"column":4},"end":{"line":159,"column":5}}]},"5":{"loc":{"start":{"line":170,"column":11},"end":{"line":170,"column":75}},"type":"binary-expr","locations":[{"start":{"line":170,"column":11},"end":{"line":170,"column":46}},{"start":{"line":170,"column":50},"end":{"line":170,"column":75}}]}},"s":{"0":1,"1":1,"2":1,"3":0,"4":0,"5":0,"6":0,"7":0,"8":0,"9":0,"10":0,"11":0,"12":0,"13":0,"14":0,"15":0,"16":0,"17":0,"18":0,"19":0,"20":0,"21":0,"22":0,"23":0,"24":0,"25":0,"26":0,"27":0,"28":0,"29":0,"30":0,"31":0,"32":0,"33":0,"34":0,"35":0},"f":{"0":0,"1":0,"2":0,"3":0,"4":0,"5":0,"6":0,"7":0,"8":0},"b":{"0":[0],"1":[0],"2":[0],"3":[0,0],"4":[0],"5":[0,0]}}
,"C:\\DB_CRUD_TypeORM\\src\\infractructure\\typeOrm\\config\\typeorm.ts": {"path":"C:\\DB_CRUD_TypeORM\\src\\infractructure\\typeOrm\\config\\typeorm.ts","statementMap":{"0":{"start":{"line":1,"column":0},"end":{"line":1,"column":37}},"1":{"start":{"line":2,"column":0},"end":{"line":2,"column":28}},"2":{"start":{"line":4,"column":0},"end":{"line":4,"column":16}},"3":{"start":{"line":6,"column":22},"end":{"line":17,"column":2}},"4":{"start":{"line":19,"column":0},"end":{"line":19,"column":29}}},"fnMap":{},"branchMap":{},"s":{"0":1,"1":1,"2":1,"3":1,"4":1},"f":{},"b":{}}
,"C:\\DB_CRUD_TypeORM\\src\\infractructure\\typeOrm\\entities\\userEntity.ts": {"path":"C:\\DB_CRUD_TypeORM\\src\\infractructure\\typeOrm\\entities\\userEntity.ts","statementMap":{"0":{"start":{"line":1,"column":0},"end":{"line":1,"column":65}},"1":{"start":{"line":6,"column":7},"end":{"line":28,"column":null}},"2":{"start":{"line":6,"column":13},"end":{"line":6,"column":18}},"3":{"start":{"line":8,"column":2},"end":{"line":8,"column":null}},"4":{"start":{"line":11,"column":2},"end":{"line":11,"column":null}},"5":{"start":{"line":14,"column":2},"end":{"line":14,"column":null}},"6":{"start":{"line":17,"column":2},"end":{"line":17,"column":null}},"7":{"start":{"line":20,"column":2},"end":{"line":20,"column":null}},"8":{"start":{"line":27,"column":2},"end":{"line":27,"column":null}},"9":{"start":{"line":6,"column":13},"end":{"line":28,"column":null}}},"fnMap":{},"branchMap":{},"s":{"0":1,"1":1,"2":1,"3":1,"4":1,"5":1,"6":1,"7":1,"8":1,"9":1},"f":{},"b":{}}
,"C:\\DB_CRUD_TypeORM\\src\\interface\\controllers\\deleteUsersController.ts": {"path":"C:\\DB_CRUD_TypeORM\\src\\interface\\controllers\\deleteUsersController.ts","statementMap":{"0":{"start":{"line":2,"column":0},"end":{"line":2,"column":79}},"1":{"start":{"line":7,"column":2},"end":{"line":39,"column":3}},"2":{"start":{"line":8,"column":2},"end":{"line":39,"column":3}},"3":{"start":{"line":9,"column":4},"end":{"line":38,"column":5}},"4":{"start":{"line":10,"column":23},"end":{"line":10,"column":36}},"5":{"start":{"line":11,"column":28},"end":{"line":11,"column":43}},"6":{"start":{"line":13,"column":6},"end":{"line":15,"column":9}},"7":{"start":{"line":14,"column":9},"end":{"line":14,"column":61}},"8":{"start":{"line":17,"column":6},"end":{"line":20,"column":9}},"9":{"start":{"line":22,"column":6},"end":{"line":37,"column":7}},"10":{"start":{"line":23,"column":29},"end":{"line":23,"column":56}},"11":{"start":{"line":25,"column":8},"end":{"line":31,"column":9}},"12":{"start":{"line":26,"column":10},"end":{"line":26,"column":75}},"13":{"start":{"line":27,"column":15},"end":{"line":31,"column":9}},"14":{"start":{"line":28,"column":10},"end":{"line":28,"column":75}},"15":{"start":{"line":30,"column":10},"end":{"line":30,"column":75}},"16":{"start":{"line":33,"column":8},"end":{"line":36,"column":11}},"17":{"start":{"line":41,"column":9},"end":{"line":41,"column":30}}},"fnMap":{"0":{"name":"(anonymous_0)","decl":{"start":{"line":7,"column":2},"end":{"line":7,"column":3}},"loc":{"start":{"line":8,"column":2},"end":{"line":39,"column":3}}},"1":{"name":"(anonymous_1)","decl":{"start":{"line":8,"column":2},"end":{"line":8,"column":7}},"loc":{"start":{"line":8,"column":55},"end":{"line":39,"column":3}}},"2":{"name":"(anonymous_2)","decl":{"start":{"line":13,"column":37},"end":{"line":13,"column":42}},"loc":{"start":{"line":13,"column":64},"end":{"line":15,"column":7}}}},"branchMap":{"0":{"loc":{"start":{"line":22,"column":6},"end":{"line":37,"column":7}},"type":"if","locations":[{"start":{"line":22,"column":6},"end":{"line":37,"column":7}},{"start":{"line":32,"column":13},"end":{"line":37,"column":7}}]},"1":{"loc":{"start":{"line":25,"column":8},"end":{"line":31,"column":9}},"type":"if","locations":[{"start":{"line":25,"column":8},"end":{"line":31,"column":9}},{"start":{"line":27,"column":15},"end":{"line":31,"column":9}}]},"2":{"loc":{"start":{"line":27,"column":15},"end":{"line":31,"column":9}},"type":"if","locations":[{"start":{"line":27,"column":15},"end":{"line":31,"column":9}},{"start":{"line":29,"column":15},"end":{"line":31,"column":9}}]}},"s":{"0":1,"1":1,"2":1,"3":0,"4":0,"5":0,"6":0,"7":0,"8":0,"9":0,"10":0,"11":0,"12":0,"13":0,"14":0,"15":0,"16":0,"17":1},"f":{"0":1,"1":0,"2":0},"b":{"0":[0,0],"1":[0,0],"2":[0,0]}}
,"C:\\DB_CRUD_TypeORM\\src\\interface\\controllers\\getUsersController.ts": {"path":"C:\\DB_CRUD_TypeORM\\src\\interface\\controllers\\getUsersController.ts","statementMap":{"0":{"start":{"line":2,"column":0},"end":{"line":2,"column":72}},"1":{"start":{"line":8,"column":2},"end":{"line":27,"column":3}},"2":{"start":{"line":9,"column":2},"end":{"line":27,"column":3}},"3":{"start":{"line":10,"column":4},"end":{"line":26,"column":5}},"4":{"start":{"line":11,"column":22},"end":{"line":11,"column":61}},"5":{"start":{"line":12,"column":37},"end":{"line":12,"column":52}},"6":{"start":{"line":13,"column":20},"end":{"line":15,"column":8}},"7":{"start":{"line":14,"column":8},"end":{"line":14,"column":63}},"8":{"start":{"line":16,"column":6},"end":{"line":20,"column":9}},"9":{"start":{"line":22,"column":6},"end":{"line":25,"column":9}},"10":{"start":{"line":29,"column":9},"end":{"line":29,"column":28}}},"fnMap":{"0":{"name":"(anonymous_0)","decl":{"start":{"line":8,"column":2},"end":{"line":8,"column":3}},"loc":{"start":{"line":9,"column":2},"end":{"line":27,"column":3}}},"1":{"name":"(anonymous_1)","decl":{"start":{"line":9,"column":2},"end":{"line":9,"column":7}},"loc":{"start":{"line":9,"column":55},"end":{"line":27,"column":3}}},"2":{"name":"(anonymous_2)","decl":{"start":{"line":13,"column":51},"end":{"line":13,"column":56}},"loc":{"start":{"line":13,"column":78},"end":{"line":15,"column":7}}}},"branchMap":{},"s":{"0":1,"1":1,"2":1,"3":0,"4":0,"5":0,"6":0,"7":0,"8":0,"9":0,"10":1},"f":{"0":1,"1":0,"2":0},"b":{}}
,"C:\\DB_CRUD_TypeORM\\src\\interface\\controllers\\loginControllers.ts": {"path":"C:\\DB_CRUD_TypeORM\\src\\interface\\controllers\\loginControllers.ts","statementMap":{"0":{"start":{"line":2,"column":0},"end":{"line":2,"column":74}},"1":{"start":{"line":7,"column":2},"end":{"line":39,"column":3}},"2":{"start":{"line":8,"column":2},"end":{"line":39,"column":3}},"3":{"start":{"line":9,"column":4},"end":{"line":38,"column":5}},"4":{"start":{"line":10,"column":34},"end":{"line":10,"column":42}},"5":{"start":{"line":11,"column":24},"end":{"line":14,"column":null}},"6":{"start":{"line":13,"column":10},"end":{"line":13,"column":66}},"7":{"start":{"line":17,"column":6},"end":{"line":21,"column":9}},"8":{"start":{"line":23,"column":6},"end":{"line":37,"column":7}},"9":{"start":{"line":24,"column":8},"end":{"line":30,"column":9}},"10":{"start":{"line":25,"column":10},"end":{"line":27,"column":76}},"11":{"start":{"line":29,"column":10},"end":{"line":29,"column":78}},"12":{"start":{"line":33,"column":8},"end":{"line":36,"column":11}},"13":{"start":{"line":6,"column":13},"end":{"line":6,"column":null}}},"fnMap":{"0":{"name":"(anonymous_0)","decl":{"start":{"line":7,"column":2},"end":{"line":7,"column":3}},"loc":{"start":{"line":8,"column":2},"end":{"line":39,"column":3}}},"1":{"name":"(anonymous_1)","decl":{"start":{"line":8,"column":2},"end":{"line":8,"column":7}},"loc":{"start":{"line":8,"column":55},"end":{"line":39,"column":3}}},"2":{"name":"(anonymous_2)","decl":{"start":{"line":12,"column":8},"end":{"line":12,"column":13}},"loc":{"start":{"line":12,"column":35},"end":{"line":14,"column":9}}}},"branchMap":{"0":{"loc":{"start":{"line":23,"column":6},"end":{"line":37,"column":7}},"type":"if","locations":[{"start":{"line":23,"column":6},"end":{"line":37,"column":7}},{"start":{"line":32,"column":11},"end":{"line":37,"column":7}}]},"1":{"loc":{"start":{"line":24,"column":8},"end":{"line":30,"column":9}},"type":"if","locations":[{"start":{"line":24,"column":8},"end":{"line":30,"column":9}},{"start":{"line":28,"column":15},"end":{"line":30,"column":9}}]}},"s":{"0":1,"1":1,"2":1,"3":0,"4":0,"5":0,"6":0,"7":0,"8":0,"9":0,"10":0,"11":0,"12":0,"13":1},"f":{"0":1,"1":0,"2":0},"b":{"0":[0,0],"1":[0,0]}}
,"C:\\DB_CRUD_TypeORM\\src\\interface\\controllers\\registerController.ts": {"path":"C:\\DB_CRUD_TypeORM\\src\\interface\\controllers\\registerController.ts","statementMap":{"0":{"start":{"line":2,"column":0},"end":{"line":2,"column":88}},"1":{"start":{"line":8,"column":2},"end":{"line":40,"column":3}},"2":{"start":{"line":9,"column":2},"end":{"line":40,"column":3}},"3":{"start":{"line":10,"column":4},"end":{"line":39,"column":5}},"4":{"start":{"line":11,"column":60},"end":{"line":11,"column":68}},"5":{"start":{"line":12,"column":6},"end":{"line":22,"column":9}},"6":{"start":{"line":13,"column":8},"end":{"line":21,"column":10}},"7":{"start":{"line":23,"column":6},"end":{"line":23,"column":73}},"8":{"start":{"line":25,"column":6},"end":{"line":38,"column":7}},"9":{"start":{"line":26,"column":8},"end":{"line":35,"column":9}},"10":{"start":{"line":27,"column":10},"end":{"line":30,"column":13}},"11":{"start":{"line":32,"column":10},"end":{"line":34,"column":13}},"12":{"start":{"line":37,"column":8},"end":{"line":37,"column":68}},"13":{"start":{"line":42,"column":9},"end":{"line":42,"column":27}}},"fnMap":{"0":{"name":"(anonymous_0)","decl":{"start":{"line":8,"column":2},"end":{"line":8,"column":3}},"loc":{"start":{"line":9,"column":2},"end":{"line":40,"column":3}}},"1":{"name":"(anonymous_1)","decl":{"start":{"line":9,"column":2},"end":{"line":9,"column":7}},"loc":{"start":{"line":9,"column":55},"end":{"line":40,"column":3}}},"2":{"name":"(anonymous_2)","decl":{"start":{"line":12,"column":37},"end":{"line":12,"column":42}},"loc":{"start":{"line":12,"column":64},"end":{"line":22,"column":7}}}},"branchMap":{"0":{"loc":{"start":{"line":25,"column":6},"end":{"line":38,"column":7}},"type":"if","locations":[{"start":{"line":25,"column":6},"end":{"line":38,"column":7}},{"start":{"line":36,"column":13},"end":{"line":38,"column":7}}]},"1":{"loc":{"start":{"line":26,"column":8},"end":{"line":35,"column":9}},"type":"if","locations":[{"start":{"line":26,"column":8},"end":{"line":35,"column":9}},{"start":{"line":31,"column":15},"end":{"line":35,"column":9}}]}},"s":{"0":1,"1":1,"2":1,"3":0,"4":0,"5":0,"6":0,"7":0,"8":0,"9":0,"10":0,"11":0,"12":0,"13":1},"f":{"0":1,"1":0,"2":0},"b":{"0":[0,0],"1":[0,0]}}
,"C:\\DB_CRUD_TypeORM\\src\\interface\\controllers\\updateUsersController.ts": {"path":"C:\\DB_CRUD_TypeORM\\src\\interface\\controllers\\updateUsersController.ts","statementMap":{"0":{"start":{"line":2,"column":0},"end":{"line":2,"column":77}},"1":{"start":{"line":7,"column":2},"end":{"line":38,"column":3}},"2":{"start":{"line":8,"column":2},"end":{"line":38,"column":3}},"3":{"start":{"line":9,"column":4},"end":{"line":37,"column":5}},"4":{"start":{"line":10,"column":25},"end":{"line":10,"column":33}},"5":{"start":{"line":11,"column":21},"end":{"line":11,"column":36}},"6":{"start":{"line":12,"column":6},"end":{"line":14,"column":9}},"7":{"start":{"line":13,"column":8},"end":{"line":13,"column":54}},"8":{"start":{"line":16,"column":6},"end":{"line":19,"column":9}},"9":{"start":{"line":21,"column":6},"end":{"line":36,"column":7}},"10":{"start":{"line":22,"column":8},"end":{"line":33,"column":9}},"11":{"start":{"line":26,"column":10},"end":{"line":28,"column":78}},"12":{"start":{"line":30,"column":10},"end":{"line":32,"column":96}},"13":{"start":{"line":35,"column":8},"end":{"line":35,"column":78}},"14":{"start":{"line":40,"column":9},"end":{"line":40,"column":30}}},"fnMap":{"0":{"name":"(anonymous_0)","decl":{"start":{"line":7,"column":2},"end":{"line":7,"column":3}},"loc":{"start":{"line":8,"column":2},"end":{"line":38,"column":3}}},"1":{"name":"(anonymous_1)","decl":{"start":{"line":8,"column":2},"end":{"line":8,"column":7}},"loc":{"start":{"line":8,"column":55},"end":{"line":38,"column":3}}},"2":{"name":"(anonymous_2)","decl":{"start":{"line":12,"column":37},"end":{"line":12,"column":42}},"loc":{"start":{"line":12,"column":64},"end":{"line":14,"column":7}}}},"branchMap":{"0":{"loc":{"start":{"line":21,"column":6},"end":{"line":36,"column":7}},"type":"if","locations":[{"start":{"line":21,"column":6},"end":{"line":36,"column":7}},{"start":{"line":34,"column":13},"end":{"line":36,"column":7}}]},"1":{"loc":{"start":{"line":22,"column":8},"end":{"line":33,"column":9}},"type":"if","locations":[{"start":{"line":22,"column":8},"end":{"line":33,"column":9}},{"start":{"line":29,"column":15},"end":{"line":33,"column":9}}]}},"s":{"0":1,"1":1,"2":1,"3":0,"4":0,"5":0,"6":0,"7":0,"8":0,"9":0,"10":0,"11":0,"12":0,"13":0,"14":1},"f":{"0":1,"1":0,"2":0},"b":{"0":[0,0],"1":[0,0]}}
,"C:\\DB_CRUD_TypeORM\\src\\interface\\routes\\userRoutes.ts": {"path":"C:\\DB_CRUD_TypeORM\\src\\interface\\routes\\userRoutes.ts","statementMap":{"0":{"start":{"line":1,"column":0},"end":{"line":1,"column":30}},"1":{"start":{"line":2,"column":0},"end":{"line":2,"column":74}},"2":{"start":{"line":3,"column":0},"end":{"line":3,"column":69}},"3":{"start":{"line":4,"column":0},"end":{"line":4,"column":75}},"4":{"start":{"line":5,"column":0},"end":{"line":5,"column":88}},"5":{"start":{"line":6,"column":0},"end":{"line":6,"column":80}},"6":{"start":{"line":7,"column":0},"end":{"line":7,"column":80}},"7":{"start":{"line":8,"column":0},"end":{"line":8,"column":98}},"8":{"start":{"line":9,"column":0},"end":{"line":9,"column":92}},"9":{"start":{"line":10,"column":0},"end":{"line":10,"column":82}},"10":{"start":{"line":11,"column":0},"end":{"line":11,"column":76}},"11":{"start":{"line":12,"column":0},"end":{"line":12,"column":78}},"12":{"start":{"line":13,"column":0},"end":{"line":13,"column":78}},"13":{"start":{"line":15,"column":15},"end":{"line":15,"column":31}},"14":{"start":{"line":18,"column":0},"end":{"line":22,"column":2}},"15":{"start":{"line":25,"column":0},"end":{"line":29,"column":2}},"16":{"start":{"line":32,"column":0},"end":{"line":36,"column":2}},"17":{"start":{"line":39,"column":0},"end":{"line":44,"column":2}},"18":{"start":{"line":47,"column":0},"end":{"line":52,"column":2}},"19":{"start":{"line":54,"column":0},"end":{"line":54,"column":22}}},"fnMap":{},"branchMap":{},"s":{"0":1,"1":1,"2":1,"3":1,"4":1,"5":1,"6":1,"7":1,"8":1,"9":1,"10":1,"11":1,"12":1,"13":1,"14":1,"15":1,"16":1,"17":1,"18":1,"19":1},"f":{},"b":{}}
}
